[    0.000000] Initializing cgroup subsys cpuset
[    0.000000] Initializing cgroup subsys cpu
[    0.000000] Initializing cgroup subsys cpuacct
[    0.000000] Linux version 4.4.0-148-generic (buildd@lgw01-amd64-031) (gcc version 5.4.0 20160609 (Ubuntu 5.4.0-6ubuntu1~16.04.10) ) #174-Ubuntu SMP Tue May 7 12:20:14 UTC 2019 (Ubuntu 4.4.0-148.174-generic 4.4.177)
[    0.000000] Command line: BOOT_IMAGE=/boot/vmlinuz-4.4.0-148-generic root=LABEL=cloudimg-rootfs ro console=tty1 console=ttyS0
[    0.000000] KERNEL supported cpus:
[    0.000000]   Intel GenuineIntel
[    0.000000]   AMD AuthenticAMD
[    0.000000]   Centaur CentaurHauls
[    0.000000] x86/fpu: xstate_offset[2]:  576, xstate_sizes[2]:  256
[    0.000000] x86/fpu: Supporting XSAVE feature 0x01: 'x87 floating point registers'
[    0.000000] x86/fpu: Supporting XSAVE feature 0x02: 'SSE registers'
[    0.000000] x86/fpu: Supporting XSAVE feature 0x04: 'AVX registers'
[    0.000000] x86/fpu: Enabled xstate features 0x7, context size is 832 bytes, using 'standard' format.
[    0.000000] e820: BIOS-provided physical RAM map:
[    0.000000] BIOS-e820: [mem 0x0000000000000000-0x000000000009fbff] usable
[    0.000000] BIOS-e820: [mem 0x000000000009fc00-0x000000000009ffff] reserved
[    0.000000] BIOS-e820: [mem 0x00000000000f0000-0x00000000000fffff] reserved
[    0.000000] BIOS-e820: [mem 0x0000000000100000-0x000000003ffeffff] usable
[    0.000000] BIOS-e820: [mem 0x000000003fff0000-0x000000003fffffff] ACPI data
[    0.000000] BIOS-e820: [mem 0x00000000fec00000-0x00000000fec00fff] reserved
[    0.000000] BIOS-e820: [mem 0x00000000fee00000-0x00000000fee00fff] reserved
[    0.000000] BIOS-e820: [mem 0x00000000fffc0000-0x00000000ffffffff] reserved
[    0.000000] NX (Execute Disable) protection: active
[    0.000000] SMBIOS 2.5 present.
[    0.000000] Hypervisor detected: KVM
[    0.000000] e820: last_pfn = 0x3fff0 max_arch_pfn = 0x400000000
[    0.000000] MTRR: Disabled
[    0.000000] x86/PAT: MTRRs disabled, skipping PAT initialization too.
[    0.000000] CPU MTRRs all blank - virtualized system.
[    0.000000] x86/PAT: Configuration [0-7]: WB  WT  UC- UC  WB  WT  UC- UC  
[    0.000000] found SMP MP-table at [mem 0x0009fff0-0x0009ffff] mapped at [ffff88000009fff0]
[    0.000000] Scanning 1 areas for low memory corruption
[    0.000000] RAMDISK: [mem 0x362fa000-0x37174fff]
[    0.000000] ACPI: Early table checksum verification disabled
[    0.000000] ACPI: RSDP 0x00000000000E0000 000024 (v02 VBOX  )
[    0.000000] ACPI: XSDT 0x000000003FFF0030 00003C (v01 VBOX   VBOXXSDT 00000001 ASL  00000061)
[    0.000000] ACPI: FACP 0x000000003FFF00F0 0000F4 (v04 VBOX   VBOXFACP 00000001 ASL  00000061)
[    0.000000] ACPI: DSDT 0x000000003FFF0470 0022EA (v02 VBOX   VBOXBIOS 00000002 INTL 20100528)
[    0.000000] ACPI: FACS 0x000000003FFF0200 000040
[    0.000000] ACPI: FACS 0x000000003FFF0200 000040
[    0.000000] ACPI: APIC 0x000000003FFF0240 00005C (v02 VBOX   VBOXAPIC 00000001 ASL  00000061)
[    0.000000] ACPI: SSDT 0x000000003FFF02A0 0001CC (v01 VBOX   VBOXCPUT 00000002 INTL 20100528)
[    0.000000] No NUMA configuration found
[    0.000000] Faking a node at [mem 0x0000000000000000-0x000000003ffeffff]
[    0.000000] NODE_DATA(0) allocated [mem 0x3ffeb000-0x3ffeffff]
[    0.000000] kvm-clock: Using msrs 4b564d01 and 4b564d00
[    0.000000] kvm-clock: cpu 0, msr 0:3ffe3001, primary cpu clock
[    0.000000] kvm-clock: using sched offset of 5779575914 cycles
[    0.000000] clocksource: kvm-clock: mask: 0xffffffffffffffff max_cycles: 0x1cd42e4dffb, max_idle_ns: 881590591483 ns
[    0.000000] Zone ranges:
[    0.000000]   DMA      [mem 0x0000000000001000-0x0000000000ffffff]
[    0.000000]   DMA32    [mem 0x0000000001000000-0x000000003ffeffff]
[    0.000000]   Normal   empty
[    0.000000]   Device   empty
[    0.000000] Movable zone start for each node
[    0.000000] Early memory node ranges
[    0.000000]   node   0: [mem 0x0000000000001000-0x000000000009efff]
[    0.000000]   node   0: [mem 0x0000000000100000-0x000000003ffeffff]
[    0.000000] Initmem setup node 0 [mem 0x0000000000001000-0x000000003ffeffff]
[    0.000000] ACPI: PM-Timer IO Port: 0x4008
[    0.000000] IOAPIC[0]: apic_id 2, version 32, address 0xfec00000, GSI 0-23
[    0.000000] ACPI: INT_SRC_OVR (bus 0 bus_irq 0 global_irq 2 dfl dfl)
[    0.000000] ACPI: INT_SRC_OVR (bus 0 bus_irq 9 global_irq 9 low level)
[    0.000000] Using ACPI (MADT) for SMP configuration information
[    0.000000] smpboot: Allowing 2 CPUs, 0 hotplug CPUs
[    0.000000] PM: Registered nosave memory: [mem 0x00000000-0x00000fff]
[    0.000000] PM: Registered nosave memory: [mem 0x0009f000-0x0009ffff]
[    0.000000] PM: Registered nosave memory: [mem 0x000a0000-0x000effff]
[    0.000000] PM: Registered nosave memory: [mem 0x000f0000-0x000fffff]
[    0.000000] e820: [mem 0x40000000-0xfebfffff] available for PCI devices
[    0.000000] Booting paravirtualized kernel on KVM
[    0.000000] clocksource: refined-jiffies: mask: 0xffffffff max_cycles: 0xffffffff, max_idle_ns: 7645519600211568 ns
[    0.000000] setup_percpu: NR_CPUS:512 nr_cpumask_bits:512 nr_cpu_ids:2 nr_node_ids:1
[    0.000000] PERCPU: Embedded 34 pages/cpu @ffff88003fc00000 s99480 r8192 d31592 u1048576
[    0.000000] Built 1 zonelists in Node order, mobility grouping on.  Total pages: 257912
[    0.000000] Policy zone: DMA32
[    0.000000] Kernel command line: BOOT_IMAGE=/boot/vmlinuz-4.4.0-148-generic root=LABEL=cloudimg-rootfs ro console=tty1 console=ttyS0
[    0.000000] PID hash table entries: 4096 (order: 3, 32768 bytes)
[    0.000000] Memory: 997732K/1048120K available (8609K kernel code, 1334K rwdata, 4028K rodata, 1484K init, 1284K bss, 50388K reserved, 0K cma-reserved)
[    0.000000] SLUB: HWalign=64, Order=0-3, MinObjects=0, CPUs=2, Nodes=1
[    0.000000] Kernel/User page tables isolation: enabled
[    0.000000] Hierarchical RCU implementation.
[    0.000000] 	Build-time adjustment of leaf fanout to 64.
[    0.000000] 	RCU restricting CPUs from NR_CPUS=512 to nr_cpu_ids=2.
[    0.000000] RCU: Adjusting geometry for rcu_fanout_leaf=64, nr_cpu_ids=2
[    0.000000] NR_IRQS:33024 nr_irqs:440 16
[    0.000000] Console: colour VGA+ 80x25
[    0.000000] console [tty1] enabled
[    0.000000] console [ttyS0] enabled
[    0.000000] tsc: Detected 2693.762 MHz processor
[    0.729153] Calibrating delay loop (skipped) preset value.. 5387.52 BogoMIPS (lpj=10775048)
[    0.737719] pid_max: default: 32768 minimum: 301
[    0.742307] ACPI: Core revision 20150930
[    0.751327] ACPI: 2 ACPI AML tables successfully acquired and loaded
[    0.757946] Security Framework initialized
[    0.762075] Yama: becoming mindful.
[    0.765940] AppArmor: AppArmor initialized
[    0.770533] Dentry cache hash table entries: 131072 (order: 8, 1048576 bytes)
[    0.810893] Inode-cache hash table entries: 65536 (order: 7, 524288 bytes)
[    0.818087] Mount-cache hash table entries: 2048 (order: 2, 16384 bytes)
[    0.824351] Mountpoint-cache hash table entries: 2048 (order: 2, 16384 bytes)
[    0.832396] Initializing cgroup subsys io
[    0.836700] Initializing cgroup subsys memory
[    0.841298] Initializing cgroup subsys devices
[    0.845891] Initializing cgroup subsys freezer
[    0.850416] Initializing cgroup subsys net_cls
[    0.854940] Initializing cgroup subsys perf_event
[    0.859654] Initializing cgroup subsys net_prio
[    0.864634] Initializing cgroup subsys hugetlb
[    0.869124] Initializing cgroup subsys pids
[    0.874831] mce: CPU supports 0 MCE banks
[    0.879721] Last level iTLB entries: 4KB 1024, 2MB 1024, 4MB 1024
[    0.885893] Last level dTLB entries: 4KB 1024, 2MB 1024, 4MB 1024, 1GB 4
[    0.892127] Spectre V2 : Mitigation: Full generic retpoline
[    0.897555] Spectre V2 : Spectre v2 / SpectreRSB mitigation: Filling RSB on context switch
[    0.906060] Speculative Store Bypass: Vulnerable
[    0.911531] MDS: Vulnerable: Clear CPU buffers attempted, no microcode
[    0.933639] Freeing SMP alternatives memory: 36K
[    0.967884] ftrace: allocating 32293 entries in 127 pages
[    1.229524] smpboot: APIC(0) Converting physical 0 to logical package 0
[    1.235787] smpboot: Max logical packages: 1
[    1.241226] x2apic enabled
[    1.245548] Switched APIC routing to physical x2apic.
[    1.255301] ..TIMER: vector=0x30 apic1=0 pin1=2 apic2=-1 pin2=-1
[    1.365081] smpboot: CPU0: Intel(R) Core(TM) i7-4600U CPU @ 2.10GHz (family: 0x6, model: 0x45, stepping: 0x1)
[    1.377969] Performance Events: unsupported p6 CPU model 69 no PMU driver, software events only.
[    1.423705] KVM setup paravirtual spinlock
[    1.429279] x86: Booting SMP configuration:
[    1.433722] .... node  #0, CPUs:      #1
[    1.438109] kvm-clock: cpu 1, msr 0:3ffe3041, secondary cpu clock
[    1.445534] mce: CPU supports 0 MCE banks
[    1.451102] x86: Booted up 1 node, 2 CPUs
[    1.456317] smpboot: Total of 2 processors activated (10775.04 BogoMIPS)
[    1.464001] devtmpfs: initialized
[    1.480119] evm: security.selinux
[    1.484017] evm: security.SMACK64
[    1.487658] evm: security.SMACK64EXEC
[    1.491882] evm: security.SMACK64TRANSMUTE
[    1.496175] evm: security.SMACK64MMAP
[    1.500594] evm: security.ima
[    1.503964] evm: security.capability
[    1.508264] clocksource: jiffies: mask: 0xffffffff max_cycles: 0xffffffff, max_idle_ns: 7645041785100000 ns
[    1.517959] futex hash table entries: 512 (order: 3, 32768 bytes)
[    1.524038] pinctrl core: initialized pinctrl subsystem
[    1.529406] RTC time:  6:43:21, date: 06/03/19
[    1.534226] NET: Registered protocol family 16
[    1.550374] cpuidle: using governor ladder
[    1.567367] cpuidle: using governor menu
[    1.572355] PCCT header not found.
[    1.576536] ACPI: bus type PCI registered
[    1.580778] acpiphp: ACPI Hot Plug PCI Controller Driver version: 0.5
[    1.587291] PCI: Using configuration type 1 for base access
[    1.608414] ACPI: Added _OSI(Module Device)
[    1.613080] ACPI: Added _OSI(Processor Device)
[    1.617583] ACPI: Added _OSI(3.0 _SCP Extensions)
[    1.622286] ACPI: Added _OSI(Processor Aggregator Device)
[    1.630420] ACPI: Executed 1 blocks of module-level executable AML code
[    1.644207] ACPI: Interpreter enabled
[    1.648384] ACPI: (supports S0 S5)
[    1.652298] ACPI: Using IOAPIC for interrupt routing
[    1.657782] PCI: Using host bridge windows from ACPI; if necessary, use "pci=nocrs" and report a bug
[    1.679113] ACPI: PCI Root Bridge [PCI0] (domain 0000 [bus 00-ff])
[    1.685047] acpi PNP0A03:00: _OSC: OS supports [ASPM ClockPM Segments MSI]
[    1.692847] acpi PNP0A03:00: _OSC: not requesting OS control; OS requires [ExtendedConfig ASPM ClockPM MSI]
[    1.702373] acpi PNP0A03:00: fail to add MMCONFIG information, can't access extended PCI configuration space under this bridge.
[    1.714463] PCI host bridge to bus 0000:00
[    1.719014] pci_bus 0000:00: root bus resource [io  0x0000-0x0cf7 window]
[    1.725641] pci_bus 0000:00: root bus resource [io  0x0d00-0xffff window]
[    1.732015] pci_bus 0000:00: root bus resource [mem 0x000a0000-0x000bffff window]
[    1.740651] pci_bus 0000:00: root bus resource [mem 0x40000000-0xfdffffff window]
[    1.749513] pci_bus 0000:00: root bus resource [bus 00-ff]
[    1.764678] pci 0000:00:01.1: legacy IDE quirk: reg 0x10: [io  0x01f0-0x01f7]
[    1.771391] pci 0000:00:01.1: legacy IDE quirk: reg 0x14: [io  0x03f6]
[    1.777723] pci 0000:00:01.1: legacy IDE quirk: reg 0x18: [io  0x0170-0x0177]
[    1.784602] pci 0000:00:01.1: legacy IDE quirk: reg 0x1c: [io  0x0376]
[    1.831394] pci 0000:00:07.0: quirk: [io  0x4000-0x403f] claimed by PIIX4 ACPI
[    1.880393] pci 0000:00:07.0: quirk: [io  0x4100-0x410f] claimed by PIIX4 SMB
[    1.902593] ACPI: PCI Interrupt Link [LNKA] (IRQs 5 9 10 *11)
[    1.910852] ACPI: PCI Interrupt Link [LNKB] (IRQs 5 9 *10 11)
[    1.918310] ACPI: PCI Interrupt Link [LNKC] (IRQs 5 *9 10 11)
[    1.925852] ACPI: PCI Interrupt Link [LNKD] (IRQs 5 9 10 *11)
[    1.933910] ACPI: Enabled 2 GPEs in block 00 to 07
[    1.939708] vgaarb: setting as boot device: PCI:0000:00:02.0
[    1.945146] vgaarb: device added: PCI:0000:00:02.0,decodes=io+mem,owns=io+mem,locks=none
[    1.953609] vgaarb: loaded
[    1.956833] vgaarb: bridge control possible 0000:00:02.0
[    1.962495] SCSI subsystem initialized
[    1.966791] ACPI: bus type USB registered
[    1.971051] usbcore: registered new interface driver usbfs
[    1.976504] usbcore: registered new interface driver hub
[    1.981738] usbcore: registered new device driver usb
[    1.987906] PCI: Using ACPI for IRQ routing
[    1.993920] NetLabel: Initializing
[    1.997849] NetLabel:  domain hash size = 128
[    2.002559] NetLabel:  protocols = UNLABELED CIPSOv4
[    2.012529] NetLabel:  unlabeled traffic allowed by default
[    2.018523] amd_nb: Cannot enumerate AMD northbridges
[    2.023728] clocksource: Switched to clocksource kvm-clock
[    2.056614] AppArmor: AppArmor Filesystem Enabled
[    2.061550] pnp: PnP ACPI init
[    2.068126] pnp: PnP ACPI: found 3 devices
[    2.089802] clocksource: acpi_pm: mask: 0xffffff max_cycles: 0xffffff, max_idle_ns: 2085701024 ns
[    2.098729] NET: Registered protocol family 2
[    2.103783] TCP established hash table entries: 8192 (order: 4, 65536 bytes)
[    2.110531] TCP bind hash table entries: 8192 (order: 5, 131072 bytes)
[    2.116616] TCP: Hash tables configured (established 8192 bind 8192)
[    2.122604] UDP hash table entries: 512 (order: 2, 16384 bytes)
[    2.128203] UDP-Lite hash table entries: 512 (order: 2, 16384 bytes)
[    2.135069] NET: Registered protocol family 1
[    2.139670] pci 0000:00:00.0: Limiting direct PCI/PCI transfers
[    2.145823] pci 0000:00:01.0: Activating ISA DMA hang workarounds
[    2.152161] Unpacking initramfs...
[    2.813059] Freeing initrd memory: 14828K
[    2.818272] RAPL PMU detected, API unit is 2^-32 Joules, 4 fixed counters 10737418240 ms ovfl timer
[    2.827280] hw unit of domain pp0-core 2^-0 Joules
[    2.832529] hw unit of domain package 2^-0 Joules
[    2.837180] hw unit of domain dram 2^-0 Joules
[    2.841889] hw unit of domain pp1-gpu 2^-0 Joules
[    2.846641] clocksource: tsc: mask: 0xffffffffffffffff max_cycles: 0x26d439828ff, max_idle_ns: 440795206424 ns
[    2.856269] platform rtc_cmos: registered platform RTC device (no PNP device found)
[    2.864238] Scanning for low memory corruption every 60 seconds
[    2.870709] audit: initializing netlink subsys (disabled)
[    2.876123] audit: type=2000 audit(1559544209.306:1): initialized
[    2.882388] Initialise system trusted keyring
[    2.887493] HugeTLB registered 2 MB page size, pre-allocated 0 pages
[    2.897114] zbud: loaded
[    2.900852] VFS: Disk quotas dquot_6.6.0
[    2.905167] VFS: Dquot-cache hash table entries: 512 (order 0, 4096 bytes)
[    2.912017] squashfs: version 4.0 (2009/01/31) Phillip Lougher
[    2.918474] fuse init (API version 7.23)
[    2.923032] Key type big_key registered
[    2.927063] Allocating IMA MOK and blacklist keyrings.
[    2.935538] Key type asymmetric registered
[    2.939853] Asymmetric key parser 'x509' registered
[    2.944785] Block layer SCSI generic (bsg) driver version 0.4 loaded (major 249)
[    2.953033] io scheduler noop registered
[    2.958160] io scheduler deadline registered (default)
[    2.963504] io scheduler cfq registered
[    2.967789] pci_hotplug: PCI Hot Plug PCI Core version: 0.5
[    2.973115] pciehp: PCI Express Hot Plug Controller Driver version: 0.4
[    2.979537] ACPI: AC Adapter [AC] (on-line)
[    2.984013] input: Power Button as /devices/LNXSYSTM:00/LNXPWRBN:00/input/input0
[    2.992055] ACPI: Power Button [PWRF]
[    2.996618] input: Sleep Button as /devices/LNXSYSTM:00/LNXSLPBN:00/input/input1
[    3.004188] ACPI: Sleep Button [SLPF]
[    3.011167] ACPI: Battery Slot [BAT0] (battery present)
[    3.016500] GHES: HEST is not enabled!
[    3.020800] Serial: 8250/16550 driver, 32 ports, IRQ sharing enabled
[    3.050172] 00:02: ttyS0 at I/O 0x3f8 (irq = 4, base_baud = 115200) is a 16550A
[    3.060454] Linux agpgart interface v0.103
[    3.068370] loop: module loaded
[    3.073778] scsi host0: ata_piix
[    3.077944] scsi host1: ata_piix
[    3.081567] ata1: PATA max UDMA/33 cmd 0x1f0 ctl 0x3f6 bmdma 0xd000 irq 14
[    3.087896] ata2: PATA max UDMA/33 cmd 0x170 ctl 0x376 bmdma 0xd008 irq 15
[    3.094340] libphy: Fixed MDIO Bus: probed
[    3.099147] tun: Universal TUN/TAP device driver, 1.6
[    3.104188] tun: (C) 1999-2004 Max Krasnyansky <maxk@qualcomm.com>
[    3.110092] PPP generic driver version 2.4.2
[    3.114601] ehci_hcd: USB 2.0 'Enhanced' Host Controller (EHCI) Driver
[    3.120595] ehci-pci: EHCI PCI platform driver
[    3.125053] ehci-platform: EHCI generic platform driver
[    3.130411] ohci_hcd: USB 1.1 'Open' Host Controller (OHCI) Driver
[    3.136411] ohci-pci: OHCI PCI platform driver
[    3.140913] ohci-platform: OHCI generic platform driver
[    3.145928] uhci_hcd: USB Universal Host Controller Interface driver
[    3.152018] i8042: PNP: PS/2 Controller [PNP0303:PS2K,PNP0f03:PS2M] at 0x60,0x64 irq 1,12
[    3.162379] serio: i8042 KBD port at 0x60,0x64 irq 1
[    3.167316] serio: i8042 AUX port at 0x60,0x64 irq 12
[    3.172772] mousedev: PS/2 mouse device common for all mice
[    3.181801] rtc_cmos rtc_cmos: rtc core: registered rtc_cmos as rtc0
[    3.188753] input: AT Translated Set 2 keyboard as /devices/platform/i8042/serio0/input/input2
[    3.199741] rtc_cmos rtc_cmos: alarms up to one day, 114 bytes nvram
[    3.207011] i2c /dev entries driver
[    3.211987] device-mapper: uevent: version 1.0.3
[    3.218252] device-mapper: ioctl: 4.34.0-ioctl (2015-10-28) initialised: dm-devel@redhat.com
[    3.227650] ledtrig-cpu: registered to indicate activity on CPUs
[    3.239372] NET: Registered protocol family 10
[    3.245795] NET: Registered protocol family 17
[    3.252809] Key type dns_resolver registered
[    3.260948] registered taskstats version 1
[    3.268057] Loading compiled-in X.509 certificates
[    3.277134] Loaded X.509 cert 'Build time autogenerated kernel key: 5103689f9da3e841c6100f8bb032b132cf76e38d'
[    3.290142] zswap: loaded using pool lzo/zbud
[    3.301311] Key type trusted registered
[    3.316059] Key type encrypted registered
[    3.321758] AppArmor: AppArmor sha1 policy hashing enabled
[    3.328835] ima: No TPM chip found, activating TPM-bypass!
[    3.336330] ima: Allocated hash algorithm: sha1
[    3.343404] evm: HMAC attrs: 0x1
[    3.349733]   Magic number: 7:542:720
[    3.354996] block loop0: hash matches
[    3.360654] rtc_cmos rtc_cmos: setting system clock to 2019-06-03 06:43:23 UTC (1559544203)
[    3.375192] BIOS EDD facility v0.16 2004-Jun-25, 0 devices found
[    3.383205] EDD information not available.
[    3.399322] Freeing unused kernel memory: 1484K
[    3.416643] Write protecting the kernel read-only data: 14336k
[    3.425159] Freeing unused kernel memory: 1620K
[    3.431565] Freeing unused kernel memory: 68K
Loading, please wait...
starting version 229
[    3.466467] random: systemd-udevd: uninitialized urandom read (16 bytes read, 3 bits of entropy available)
[    3.468593] random: udevadm: uninitialized urandom read (16 bytes read, 3 bits of entropy available)
[    3.468632] random: udevadm: uninitialized urandom read (16 bytes read, 3 bits of entropy available)
[    3.496498] random: udevadm: uninitialized urandom read (16 bytes read, 3 bits of entropy available)
[    3.496596] random: udevadm: uninitialized urandom read (16 bytes read, 3 bits of entropy available)
[    3.497058] random: udevadm: uninitialized urandom read (16 bytes read, 3 bits of entropy available)
[    3.497241] random: udevadm: uninitialized urandom read (16 bytes read, 3 bits of entropy available)
[    3.497366] random: udevadm: uninitialized urandom read (16 bytes read, 3 bits of entropy available)
[    3.497554] random: udevadm: uninitialized urandom read (16 bytes read, 3 bits of entropy available)
[    3.497740] random: udevadm: uninitialized urandom read (16 bytes read, 3 bits of entropy available)
[    3.660948] Fusion MPT base driver 3.04.20
[    3.666154] Copyright (c) 1999-2008 LSI Corporation
[    3.673919] e1000: Intel(R) PRO/1000 Network Driver - version 7.3.21-k8-NAPI
[    3.683030] e1000: Copyright (c) 1999-2006 Intel Corporation.
[    3.738922] Fusion MPT SPI Host driver 3.04.20
[    3.772253] AVX2 version of gcm_enc/dec engaged.
[    3.777322] AES CTR mode by8 optimization enabled
[    3.946375] input: ImExPS/2 Generic Explorer Mouse as /devices/platform/i8042/serio1/input/input4
[    4.832638] e1000 0000:00:03.0 eth0: (PCI:33MHz:32-bit) 02:11:c2:af:aa:45
[    4.841209] e1000 0000:00:03.0 eth0: Intel(R) PRO/1000 Network Connection
[    4.851497] mptbase: ioc0: Initiating bringup
[    4.851924] e1000 0000:00:03.0 enp0s3: renamed from eth0
[    4.933402] ioc0: LSI53C1030 A0: Capabilities={Initiator}
[    5.111868] scsi host2: ioc0: LSI53C1030 A0, FwRev=00000000h, Ports=1, MaxQ=256, IRQ=20
[    5.251503] scsi 2:0:0:0: Direct-Access     VBOX     HARDDISK         1.0  PQ: 0 ANSI: 5
[    5.277940] scsi target2:0:0: Beginning Domain Validation
[    5.291547] scsi target2:0:0: Domain Validation skipping write tests
[    5.300388] scsi target2:0:0: Ending Domain Validation
[    5.308297] scsi target2:0:0: asynchronous
[    5.314385] scsi 2:0:1:0: Direct-Access     VBOX     HARDDISK         1.0  PQ: 0 ANSI: 5
[    5.364617] scsi target2:0:1: Beginning Domain Validation
[    5.372938] scsi target2:0:1: Domain Validation skipping write tests
[    5.378887] scsi target2:0:1: Ending Domain Validation
[    5.384103] scsi target2:0:1: asynchronous
[    5.400467] sd 2:0:0:0: Attached scsi generic sg0 type 0
[    5.401183] sd 2:0:0:0: [sda] 20971520 512-byte logical blocks: (10.7 GB/10.0 GiB)
[    5.401556] sd 2:0:0:0: [sda] Write Protect is off
[    5.401861] sd 2:0:0:0: [sda] Incomplete mode parameter data
[    5.401865] sd 2:0:0:0: [sda] Assuming drive cache: write through
[    5.405122]  sda: sda1
[    5.406417] sd 2:0:0:0: [sda] Attached SCSI disk
[    5.439758] sd 2:0:1:0: [sdb] 20480 512-byte logical blocks: (10.5 MB/10.0 MiB)
[    5.447958] sd 2:0:1:0: Attached scsi generic sg1 type 0
[    5.453835] sd 2:0:1:0: [sdb] Write Protect is off
[    5.459536] sd 2:0:1:0: [sdb] Incomplete mode parameter data
[    5.467544] sd 2:0:1:0: [sdb] Assuming drive cache: write through
[    5.480391] sd 2:0:1:0: [sdb] Attached SCSI disk
Begin: Loading essential drivers ... [    7.912391] md: linear personality registered for level -1
[    7.922902] md: multipath personality registered for level -4
[    7.933511] md: raid0 personality registered for level 0
[    7.948465] md: raid1 personality registered for level 1
[    8.028347] raid6: sse2x1   gen()  2518 MB/s
[    8.099768] raid6: sse2x1   xor()  1628 MB/s
[    8.167980] raid6: sse2x2   gen()  3680 MB/s
[    8.240216] raid6: sse2x2   xor()  2659 MB/s
[    8.312512] raid6: sse2x4   gen()  6415 MB/s
[    8.383798] raid6: sse2x4   xor()  3930 MB/s
[    8.452077] raid6: avx2x1   gen()  5284 MB/s
[    8.524335] raid6: avx2x2   gen()  9728 MB/s
[    8.595821] raid6: avx2x4   gen() 12223 MB/s
[    8.600342] raid6: using algorithm avx2x4 gen() 12223 MB/s
[    8.605991] raid6: using avx2x2 recovery algorithm
[    8.613290] xor: automatically using best checksumming function:
[    8.659855]    avx       : 15197.000 MB/sec
[    8.667058] async_tx: api initialized (async)
[    8.697333] md: raid6 personality registered for level 6
[    8.703064] md: raid5 personality registered for level 5
[    8.708810] md: raid4 personality registered for level 4
[    8.729340] md: raid10 personality registered for level 10
done.
Begin: Running /scripts/init-premount ... done.
Begin: Mounting root file system ... Begin: Running /scripts/local-top ... done.
Begin: Running /scripts/local-premount ... [    8.815449] Btrfs loaded
Scanning for Btrfs filesystems
done.
Warning: fsck not present, so skipping root file system
[    8.879747] EXT4-fs (sda1): mounted filesystem with ordered data mode. Opts: (null)
done.
Begin: Running /scripts/local-bottom ... done.
Begin: Running /scripts/init-bottom ... done.
[    9.076390] systemd[1]: systemd 229 running in system mode. (+PAM +AUDIT +SELINUX +IMA +APPARMOR +SMACK +SYSVINIT +UTMP +LIBCRYPTSETUP +GCRYPT +GNUTLS +ACL +XZ -LZ4 +SECCOMP +BLKID +ELFUTILS +KMOD -IDN)
[    9.095881] systemd[1]: Detected virtualization oracle.
[    9.101286] systemd[1]: Detected architecture x86-64.

Welcome to [1mUbuntu 16.04.6 LTS[0m!

[    9.114312] systemd[1]: Set hostname to <ubuntu>.
[    9.124544] systemd[1]: Initializing machine ID from random generator.
[    9.130674] systemd[1]: Installed transient /etc/machine-id file.
[    9.330445] systemd[1]: Reached target System Time Synchronized.
[[0;32m  OK  [0m] Reached target System Time Synchronized.
[    9.342305] systemd[1]: Listening on Syslog Socket.
[[0;32m  OK  [0m] Listening on Syslog Socket.
[    9.351824] systemd[1]: Listening on udev Control Socket.
[[0;32m  OK  [0m] Listening on udev Control Socket.
[    9.361608] systemd[1]: Reached target User and Group Name Lookups.
[[0;32m  OK  [0m] Reached target User and Group Name Lookups.
[    9.372463] systemd[1]: Listening on LVM2 metadata daemon socket.
[[0;32m  OK  [0m] Listening on LVM2 metadata daemon socket.
[    9.383174] systemd[1]: Started Trigger resolvconf update for networkd DNS.
[[0;32m  OK  [0m] Started Trigger resolvconf update for networkd DNS.
[    9.395100] systemd[1]: Listening on Journal Socket (/dev/log).
[[0;32m  OK  [0m] Listening on Journal Socket (/dev/log).
[    9.405751] systemd[1]: Listening on udev Kernel Socket.
[[0;32m  OK  [0m] Listening on udev Kernel Socket.
[    9.415282] systemd[1]: Listening on /dev/initctl Compatibility Named Pipe.
[[0;32m  OK  [0m] Listening on /dev/initctl Compatibility Named Pipe.
[    9.432020] systemd[1]: Reached target Swap.
[[0;32m  OK  [0m] Reached target Swap.
[    9.440260] systemd[1]: Listening on Journal Socket.
[[0;32m  OK  [0m] Listening on Journal Socket.
[    9.449454] systemd[1]: Listening on Journal Audit Socket.
[[0;32m  OK  [0m] Listening on Journal Audit Socket.
[    9.459366] systemd[1]: Reached target Encrypted Volumes.
[[0;32m  OK  [0m] Reached target Encrypted Volumes.
[    9.469128] systemd[1]: Listening on LVM2 poll daemon socket.
[[0;32m  OK  [0m] Listening on LVM2 poll daemon socket.
[    9.480152] systemd[1]: Created slice System Slice.
[[0;32m  OK  [0m] Created slice System Slice.
[    9.504574] systemd[1]: Mounting Huge Pages File System...
         Mounting Huge Pages File System...
[    9.517250] systemd[1]: Starting Load Kernel Modules...
         Starting Load Kernel Modules...
[    9.530861] systemd[1]: Starting Journal Service...
         Starting Journal Service...
[    9.540202] Loading iSCSI transport class v2.0-870.
[    9.541713] systemd[1]: Mounting POSIX Message Queue File System...
         Mounting POSIX Message Queue File System...
[    9.558586] systemd[1]: Starting Set console keymap...
         Starting Set console keymap...
[    9.587257] systemd[1]: Starting Remount Root and Kernel File Systems...
[    9.598651] EXT4-fs (sda1): re-mounted. Opts: (null)
         Starting Remount Root and Kernel File Systems...
[    9.622855] systemd[1]: Starting Uncomplicated firewall...
         Starting Uncomplicated firewall...
[    9.636520] systemd[1]: Mounting Debug File System...
         Mounting Debug File System...
[    9.647868] systemd[1]: Starting Create list of required static device nodes for the current kernel...
         Starting Create list of required st... nodes for the current kernel...
[    9.667243] systemd[1]: Starting Nameserver information manager...
         Starting Nameserver information manager...
[    9.683333] systemd[1]: Listening on Device-mapper event daemon FIFOs.
[    9.684056] iscsi: registered transport (tcp)
[[0;32m  OK  [0m] Listening on Device-mapper event daemon FIFOs.
[    9.703085] systemd[1]: Starting Monitoring of LVM2 mirrors, snapshots etc. using dmeventd or progress polling...
         Starting Monitoring of LVM2 mirrors... dmeventd or progress polling...
[    9.724498] systemd[1]: Created slice User and Session Slice.
[[0;32m  OK  [0m] Created slice User and Session Slice.
[    9.746028] systemd[1]: Reached target Slices.
[[0;32m  OK  [0m] Reached target Slices.
[    9.757525] systemd[1]: Set up automount Arbitrary Executable File Formats File System Automount Point.
[[0;32m  OK  [0m] Set up automount Arbitrary Executab...ats File System Automount Point.
[    9.778788] systemd[1]: Created slice system-serial\x2dgetty.slice.
[[0;32m  OK  [0m] Created slice system-serial\x2dgetty.slice.
[    9.792029] systemd[1]: Started Forward Password Requests to Wall Directory Watch.
[[0;32m  OK  [0m] Started Forward Password Requests to Wall Directory Watch.
[    9.824504] systemd[1]: Mounted Debug File System.
[[0;32m  OK  [0m] Mounted Debug File System.
[    9.837999] systemd[1]: Mounted POSIX Message Queue File System.
[[0;32m  OK  [0m] Mounted POSIX Message Queue File System.
[    9.852036] systemd[1]: Mounted Huge Pages File System.
[[0;32m  OK  [0m] Mounted Huge Pages File System.
[    9.866789] systemd[1]: Started Journal Service.
[[0;32m  OK  [0m] Started Journal Service.
[[0;32m  OK  [0m] Started Remount Root and Kernel File Systems.
[[0;32m  OK  [0m] Started Set console keymap.
[[0;32m  OK  [0m] Started Uncomplicated firewall.
[    9.905651] iscsi: registered transport (iser)
[[0;32m  OK  [0m] Started Create list of required sta...ce nodes for the current kernel.
[[0;32m  OK  [0m] Started Load Kernel Modules.
[[0;32m  OK  [0m] Started Nameserver information manager.
[[0;32m  OK  [0m[   10.070405] random: nonblocking pool is initialized
] Started LVM2 metadata daemon.
         Starting Apply Kernel Variables...
         Mounting FUSE Control File System...
         Starting Create Static Device Nodes in /dev...
         Starting Load/Save Random Seed...
         Starting udev Coldplug all Devices...
         Starting Flush Journal to Persistent Storage...
[[0;32m  OK  [0m] Mounted FUSE Control File System.
[[0;32m  OK  [0m] Started Apply Kernel Variables.
[[0;32m  OK  [0m] Started Create Static Device Nodes in /dev.
[[0;32m  OK  [0m] Started Load/Save Random Seed.
[[0;32m  OK  [0m] Started udev Coldplug all Devices.
[[0;32m  OK  [0m] Started Flush Journal to Persistent Storage.
         Starting udev Kernel Device Manager...
[[0;32m  OK  [0m] Started udev Kernel Device Manager.
[[0;32m  OK  [0m] Started Dispatch Password Requests to Console Directory Watch.
[[0;32m  OK  [0m] Started Monitoring of LVM2 mirrors,...ng dmeventd or progress polling.
[[0;32m  OK  [0m] Found device /dev/ttyS0.
[[0;32m  OK  [0m] Reached target Local File Systems (Pre).
[[0;32m  OK  [0m] Reached target Local File Systems.
         Starting LSB: AppArmor initialization...
         Starting Initial cloud-init job (pre-networking)...
         Starting Create Volatile Files and Directories...
         Starting Tell Plymouth To Write Out Runtime Data...
         Starting Commit a transient machine-id on disk...
         Starting Set console font and keymap...
[[0;32m  OK  [0m] Started Create Volatile Files and Directories.
[[0;32m  OK  [0m] Started Tell Plymouth To Write Out Runtime Data.
[[0;32m  OK  [0m] Started Commit a transient machine-id on disk.
[[0;32m  OK  [0m] Listening on Load/Save RF Kill Switch Status /dev/rfkill Watch.
         Starting Update UTMP about System Boot/Shutdown...
[[0;32m  OK  [0m] Started Update UTMP about System Boot/Shutdown.
[   12.885727] cloud-init[500]: Cloud-init v. 18.5-45-g3554ffe8-0ubuntu1~16.04.1 running 'init-local' at Mon, 03 Jun 2019 06:43:33 +0000. Up 11.78 seconds.
[[0;32m  OK  [0m] Started Initial cloud-init job (pre-networking).
[[0;32m  OK  [0m] Reached target Network (Pre).
[[0;32m  OK  [0m] Started LSB: AppArmor initialization.
         Starting Raise network interfaces...
[[0;32m  OK  [0m] Started Raise network interfaces.
         Starting Initial cloud-init job (metadata service crawler)...
[[0;32m  OK  [0m] Reached target Network.
[[0;32m  OK  [0m] Started Set console font and keymap.
[[0;32m  OK  [0m] Created slice system-getty.slice.
[   17.443201] cloud-init[934]: Cloud-init v. 18.5-45-g3554ffe8-0ubuntu1~16.04.1 running 'init' at Mon, 03 Jun 2019 06:43:37 +0000. Up 16.30 seconds.
[   17.454301] cloud-init[934]: ci-info: ++++++++++++++++++++++++++++++++++++++Net device info++++++++++++++++++++++++++++++++++++++
[   17.464975] cloud-init[934]: ci-info: +--------+------+----------------------------+---------------+--------+-------------------+
[   17.476413] cloud-init[934]: ci-info: | Device |  Up  |          Address           |      Mask     | Scope  |     Hw-Address    |
[   17.487870] cloud-init[934]: ci-info: +--------+------+----------------------------+---------------+--------+-------------------+
[   17.498729] cloud-init[934]: ci-info: | enp0s3 | True |         10.0.2.15          | 255.255.255.0 | global | 02:11:c2:af:aa:45 |
[   17.509431] cloud-init[934]: ci-info: | enp0s3 | True | fe80::11:c2ff:feaf:aa45/64 |       .       |  link  | 02:11:c2:af:aa:45 |
[   17.519512] cloud-init[934]: ci-info: |   lo   | True |         127.0.0.1          |   255.0.0.0   |  host  |         .         |
[   17.530674] cloud-init[934]: ci-info: |   lo   | True |          ::1/128           |       .       |  host  |         .         |
[   17.540629] cloud-init[934]: ci-info: +--------+------+----------------------------+---------------+--------+-------------------+
[   17.550579] cloud-init[934]: ci-info: +++++++++++++++++++++++++++Route IPv4 info++++++++++++++++++++++++++++
[   17.559972] cloud-init[934]: ci-info: +-------+-------------+----------+---------------+-----------+-------+
[   17.568369] cloud-init[934]: ci-info: | Route | Destination | Gateway  |    Genmask    | Interface | Flags |
[   17.577735] cloud-init[934]: ci-info: +-------+-------------+----------+---------------+-----------+-------+
[   17.591620] cloud-init[934]: ci-info: |   0   |   0.0.0.0   | 10.0.2.2 |    0.0.0.0    |   enp0s3  |   UG  |
[   17.600361] cloud-init[934]: ci-info: |   1   |   10.0.2.0  | 0.0.0.0  | 255.255.255.0 |   enp0s3  |   U   |
[   17.610670] cloud-init[934]: ci-info: +-------+-------------+----------+---------------+-----------+-------+
[   17.619990] cloud-init[934]: ci-info: +++++++++++++++++++Route IPv6 info+++++++++++++++++++
[   17.628409] cloud-init[934]: ci-info: +-------+-------------+---------+-----------+-------+
[   17.636652] cloud-init[934]: ci-info: | Route | Destination | Gateway | Interface | Flags |
[   17.644637] cloud-init[934]: ci-info: +-------+-------------+---------+-----------+-------+
[   17.652688] cloud-init[934]: ci-info: |   0   |  fe80::/64  |    ::   |   enp0s3  |   U   |
[   17.660757] cloud-init[934]: ci-info: |   4   |   ff00::/8  |    ::   |   enp0s3  |   U   |
[   17.668430] cloud-init[934]: ci-info: +-------+-------------+---------+-----------+-------+
[   17.676192] cloud-init[934]: Generating public/private rsa key pair.
[   17.683106] cloud-init[934]: Your identification has been saved in /etc/ssh/ssh_host_rsa_key.
[   17.691037] cloud-init[934]: Your public key has been saved in /etc/ssh/ssh_host_rsa_key.pub.
[   17.698811] cloud-init[934]: The key fingerprint is:
[   17.703887] cloud-init[934]: SHA256:d62acfMO4RhpsOPNQyxzjNZbYHOPqmYnNY7L/xIvTrA root@ubuntu-xenial
[   17.711866] cloud-init[934]: The key's randomart image is:
[   17.719634] cloud-init[934]: +---[RSA 2048]----+
[   17.725311] cloud-init[934]: |                 |
[   17.730344] cloud-init[934]: |                 |
[   17.735640] cloud-init[934]: |        . + .    |
[   17.740866] cloud-init[934]: |         O = +   |
[   17.746966] cloud-init[934]: |        S @ = o  |
[   17.753224] cloud-init[934]: |       o &+O o   |
[   17.758254] cloud-init[934]: |        E+X+*    |
[   17.763409] cloud-init[934]: |       .=o=*.+   |
[   17.768480] cloud-init[934]: |       o+*=+..o  |
[   17.773478] cloud-init[934]: +----[SHA256]-----+
[   17.778433] cloud-init[934]: Generating public/private dsa key pair.
[   17.784824] cloud-init[934]: Your identification has been saved in /etc/ssh/ssh_host_dsa_key.
[   17.792869] cloud-init[934]: Your public key has been saved in /etc/ssh/ssh_host_dsa_key.pub.
[   17.800680] cloud-init[934]: The key fingerprint is:
[   17.805719] cloud-init[934]: SHA256:elmjqC4RaQ0ASl9FmaZ1uklCxOuThnwhUUqx8t376hE root@ubuntu-xenial
[   17.813106] cloud-init[934]: The key's randomart image is:
[   17.819612] cloud-init[934]: +---[DSA 1024]----+
[   17.824635] cloud-init[934]: |+o o=+ooo        |
[   17.829567] cloud-init[934]: |o +.+o = .       |
[   17.834787] cloud-init[934]: |.. Bo = o        |
[   17.840217] cloud-init[934]: |  *.o=.o         |
[   17.845378] cloud-init[934]: | ..o+.=ES o      |
[   17.851321] cloud-init[934]: |  .o * =o+ .     |
[   17.856778] cloud-init[934]: |   .o +o+        |
[   17.861812] cloud-init[934]: |  .  . .o        |
[   17.866879] cloud-init[934]: |   oo .o..       |
[   17.872298] cloud-init[934]: +----[SHA256]-----+
[   17.877582] cloud-init[934]: Generating public/private ecdsa key pair.
[   17.883841] cloud-init[934]: Your identification has been saved in /etc/ssh/ssh_host_ecdsa_key.
[   17.891820] cloud-init[934]: Your public key has been saved in /etc/ssh/ssh_host_ecdsa_key.pub.
[   17.899960] cloud-init[934]: The key fingerprint is:
[   17.905245] cloud-init[934]: SHA256:lIDmcdxZ9NRr7hKxW/IQXxDCjQcg8JlMdz/hVp/+hUc root@ubuntu-xenial
[   17.906276] cloud-init[934]: The key's randomart image is:
[   17.915100] cloud-init[934]: +---[ECDSA 256]---+
[   17.917742] cloud-init[934]: |     oooo+=o==o..|
[   17.921969] cloud-init[934]: |    + o=o* +o+=oo|
[   17.926216] cloud-init[934]: |   o o  B   ..=+E|
[   17.929791] cloud-init[934]: |    .  .    o.++.|
[   17.933413] cloud-init[934]: |        S    B.oo|
[   17.935972] cloud-init[934]: |            = +.o|
[   17.940690] cloud-init[934]: |             O  .|
[   17.943189] cloud-init[934]: |            o o  |
[   17.947660] cloud-init[934]: |             .   |
[   17.950446] cloud-init[934]: +----[SHA256]-----+
[   17.954867] cloud-init[934]: Generating public/private ed25519 key pair.
[   17.957383] cloud-init[934]: Your identification has been saved in /etc/ssh/ssh_host_ed25519_key.
[   17.962861] cloud-init[934]: Your public key has been saved in /etc/ssh/ssh_host_ed25519_key.pub.
[   17.972264] cloud-init[934]: The key fingerprint is:
[   17.978143] cloud-init[934]: SHA256:urG6nUC+NW7jZDX4Ebgx/GLUYgQSuYmEelE3/hU2NzM root@ubuntu-xenial
[   17.980851] cloud-init[934]: The key's randomart image is:
[   17.990048] cloud-init[934]: +--[ED25519 256]--+
[   17.991960] cloud-init[934]: |. o+o.+   + E    |
[   17.996445] cloud-init[934]: |..o. = + . + +   |
[   17.998763] cloud-init[934]: |o. +  X o .      |
[   18.003236] cloud-init[934]: |o +  o O o       |
[   18.005601] cloud-init[934]: | .  . = S        |
[   18.009989] cloud-init[934]: |   o . = o       |
[   18.011131] cloud-init[934]: |    o B .        |
[   18.017641] cloud-init[934]: |     Oo*         |
[   18.022687] cloud-init[934]: |    +=B.         |
[   18.024007] cloud-init[934]: +----[SHA256]-----+
[[0;32m  OK  [0m] Started Initial cloud-init job (metadata service crawler).
[[0;32m  OK  [0m] Reached target System Initialization.
[[0;32m  OK  [0m] Started Daily apt download activities.
[[0;32m  OK  [0m] Listening on ACPID Listen Socket.
[[0;32m  OK  [0m] Listening on UUID daemon activation socket.
[[0;32m  OK  [0m] Started Daily Cleanup of Temporary Directories.
         Starting LXD - unix socket.
         Starting Socket activation for snappy daemon.
[[0;32m  OK  [0m] Listening on D-Bus System Message Bus Socket.
[[0;32m  OK  [0m] Started Daily apt upgrade and clean activities.
[[0;32m  OK  [0m] Reached target Timers.
[[0;32m  OK  [0m] Started ACPI Events Check.
[[0;32m  OK  [0m] Reached target Paths.
[[0;32m  OK  [0m] Reached target Cloud-config availability.
[[0;32m  OK  [0m] Reached target Network is Online.
         Starting iSCSI initiator daemon (iscsid)...
[[0;32m  OK  [0m] Listening on LXD - unix socket.
[[0;32m  OK  [0m] Listening on Socket activation for snappy daemon.
[[0;32m  OK  [0m] Started iSCSI initiator daemon (iscsid).
         Starting Login to default iSCSI targets...
[[0;32m  OK  [0m] Reached target Sockets.
[[0;32m  OK  [0m] Reached target Basic System.
[[0;32m  OK  [0m] Started ACPI event daemon.
         Starting Virtualbox guest utils...
[[0;32m  OK  [0m] Started Regular background program processing daemon.
         Starting Accounts Service...
         Starting Pollinate to seed the pseudo random number generator...
         Starting Login Service...
[[0;32m  OK  [0m] Started FUSE filesystem for LXC.
         Starting /etc/rc.local Compatibility...
         Starting LSB: MD monitoring daemon...
         Starting System Logging Service...
         Starting LSB: Record successful boot for GRUB...
[[0;32m  OK  [0m] Started Deferred execution scheduler.
[[0;32m  OK  [0m] Started Unattended Upgrades Shutdown.
[[0;32m  OK  [0m] Started D-Bus System Message Bus.
         Starting Snappy daemon...
         Starting LXD - container startup/shutdown...
[[0;32m  OK  [0m] Started System Logging Service.
[[0;32m  OK  [0m] Started /etc/rc.local Compatibility.
[[0;32m  OK  [0m] Started Login to default iSCSI targets.
[[0;32m  OK  [0m] Started LXD - container startup/shutdown.
[[0;32m  OK  [0m] Started LSB: Record successful boot for GRUB.
[[0;32m  OK  [0m] Started LSB: MD monitoring daemon.
[[0;32m  OK  [0m] Started Snappy daemon.
[[0;32m  OK  [0m] Started Login Service.
         Starting Authenticate and Authorize Users to Run Privileged Tasks...
         Starting Wait until snapd is fully seeded...
[[0;32m  OK  [0m] Reached target Remote File Systems (Pre).
[[0;32m  OK  [0m] Reached target Remote File Systems.
         Starting LSB: automatic crash report generation...
         Starting Permit User Sessions...
         Starting LSB: Set the CPU Frequency Scaling governor to "ondemand"...
         Starting LSB: daemon to balance interrupts for SMP systems...
[[0;32m  OK  [0m] Started Virtualbox guest utils.
[[0;32m  OK  [0m] Started Pollinate to seed the pseudo random number generator.
[[0;32m  OK  [0m] Started Permit User Sessions.
[[0;32m  OK  [0m] Started Authenticate and Authorize Users to Run Privileged Tasks.
[[0;32m  OK  [0m] Started Accounts Service.
[[0;32m  OK  [0m] Started LSB: automatic crash report generation.
         Starting Terminate Plymouth Boot Screen...
         Starting Hold until boot process finishes up...
         Starting OpenBSD Secure Shell server...
[[0;32m  OK  [0m] Started LSB: Set the CPU Frequency Scaling governor to "ondemand".
[[0;32m  OK  [0m] Started LSB: daemon to balance interrupts for SMP systems.
[[0;32m  OK  [0m] Started Terminate Plymouth Boot Screen.
[[0;32m  OK  [0m] Started Hold until boot process finishes up.
[[0;32m  OK  [0m] Started OpenBSD Secure Shell server.
[[0;32m  OK  [0m] Started Serial Getty on ttyS0.
[[0;32m  OK  [0m] Started Getty on tty1.
[[0;32m  OK  [0m] Reached target Login Prompts.
         Starting Set console scheme...
[[0;32m  OK  [0m] Started Set console scheme.
[[0;32m  OK  [0m] Started Wait until snapd is fully seeded.
         Starting Apply the settings specified in cloud-config...
[[0;32m  OK  [0m] Reached target Multi-User System.
[[0;32m  OK  [0m] Reached target Graphical Interface.
         Starting Update UTMP about System Runlevel Changes...
[[0;32m  OK  [0m] Started Update UTMP about System Runlevel Changes.
[[0;32m  OK  [0m] Created slice User Slice of vagrant.
         Starting User Manager for UID 1000...
[[0;32m  OK  [0m] Started Session 1 of user vagrant.
[[0;32m  OK  [0m] Started User Manager for UID 1000.
[   22.200494] cloud-init[1275]: Generating locales (this might take a while)...

Ubuntu 16.04.6 LTS ubuntu-xenial ttyS0

ubuntu-xenial login: [   26.418425] cloud-init[1275]:   en_US.UTF-8... done
[   26.421672] cloud-init[1275]: Generation complete.
[   27.142579] cloud-init[1275]: Cloud-init v. 18.5-45-g3554ffe8-0ubuntu1~16.04.1 running 'modules:config' at Mon, 03 Jun 2019 06:43:43 +0000. Up 21.86 seconds.
ci-info: no authorized ssh keys fingerprints found for user ubuntu.
<14>Jun  3 06:43:49 ec2: 
<14>Jun  3 06:43:49 ec2: #############################################################
<14>Jun  3 06:43:49 ec2: -----BEGIN SSH HOST KEY FINGERPRINTS-----
<14>Jun  3 06:43:49 ec2: 1024 SHA256:elmjqC4RaQ0ASl9FmaZ1uklCxOuThnwhUUqx8t376hE root@ubuntu-xenial (DSA)
<14>Jun  3 06:43:49 ec2: 256 SHA256:lIDmcdxZ9NRr7hKxW/IQXxDCjQcg8JlMdz/hVp/+hUc root@ubuntu-xenial (ECDSA)
<14>Jun  3 06:43:49 ec2: 256 SHA256:urG6nUC+NW7jZDX4Ebgx/GLUYgQSuYmEelE3/hU2NzM root@ubuntu-xenial (ED25519)
<14>Jun  3 06:43:49 ec2: 2048 SHA256:d62acfMO4RhpsOPNQyxzjNZbYHOPqmYnNY7L/xIvTrA root@ubuntu-xenial (RSA)
<14>Jun  3 06:43:49 ec2: -----END SSH HOST KEY FINGERPRINTS-----
<14>Jun  3 06:43:49 ec2: #############################################################
-----BEGIN SSH HOST KEY KEYS-----
ecdsa-sha2-nistp256 AAAAE2VjZHNhLXNoYTItbmlzdHAyNTYAAAAIbmlzdHAyNTYAAABBBNVq5iiicYqSbjQDY5VfALyDH83pG5W9odMX1HFROSF7CI5iB4osFXlHX3AgcgmZNBBXqfeZ8ijh2e9IAOlwEjY= root@ubuntu-xenial
ssh-ed25519 AAAAC3NzaC1lZDI1NTE5AAAAIOCkQYNdrLyn1XEO8vLWKBX9EAr7hcwGQuqP5syqhRHO root@ubuntu-xenial
ssh-rsa AAAAB3NzaC1yc2EAAAADAQABAAABAQDI1F82kDo+R8Gmdxbe0U3Ou0j8dvevKpBmF0pl8vieO4mZFG9nDgSdiPlZExLGE1c0YdL4/gaXhHLdtLdd2CdEjFlcv4+2I108KAjU3H+e9MxQ+eOhmFb/pGVpkmvX7A+SmXFzZjx1m0h3ICnTTY2vVbunyWKoX77edS2CrSCrFOSnMLJp0NLFjQw2dcFEVYPpsyl+fJPtWiUSMkY/7/lh2bSlF9WN+BgVOPamf8vU56ZhTnV4t3T7TzYBKDbiDKv/gaoyvYfWzTzYGwUZzj9WMPHg/9i+ATsuS5kJc7Bz87qK7gNMJOUlEEdfTcC9bkvGU5HDv+eRewVwHwxDhO8b root@ubuntu-xenial
-----END SSH HOST KEY KEYS-----
[   28.377138] cloud-init[1515]: Cloud-init v. 18.5-45-g3554ffe8-0ubuntu1~16.04.1 running 'modules:final' at Mon, 03 Jun 2019 06:43:49 +0000. Up 28.03 seconds.
[   28.392792] cloud-init[1515]: ci-info: no authorized ssh keys fingerprints found for user ubuntu.
[   28.412682] cloud-init[1515]: Cloud-init v. 18.5-45-g3554ffe8-0ubuntu1~16.04.1 finished at Mon, 03 Jun 2019 06:43:49 +0000. Datasource DataSourceNoCloud [seed=/dev/sdb][dsmode=net].  Up 28.31 seconds
